[DEBUG] 2019-07-13 15:30:42 [main] StAXParserImpl:37 - PARSING STARTED...
[DEBUG] 2019-07-13 15:30:42 [main] StAXParserImpl:50 - HAS NEXT ELEMENT
[DEBUG] 2019-07-13 15:30:42 [main] StAXParserImpl:52 - START ELEMENT
[DEBUG] 2019-07-13 15:30:42 [main] StAXParserImpl:50 - HAS NEXT ELEMENT
[DEBUG] 2019-07-13 15:30:42 [main] StAXParserImpl:50 - HAS NEXT ELEMENT
[DEBUG] 2019-07-13 15:30:42 [main] StAXParserImpl:52 - START ELEMENT
[DEBUG] 2019-07-13 15:30:42 [main] StAXParserImpl:50 - HAS NEXT ELEMENT
[DEBUG] 2019-07-13 15:30:42 [main] StAXParserImpl:50 - HAS NEXT ELEMENT
[DEBUG] 2019-07-13 15:30:42 [main] StAXParserImpl:52 - START ELEMENT
[DEBUG] 2019-07-13 15:30:42 [main] StAXParserImpl:50 - HAS NEXT ELEMENT
[DEBUG] 2019-07-13 15:30:42 [main] StAXParserImpl:50 - HAS NEXT ELEMENT
[DEBUG] 2019-07-13 15:30:42 [main] StAXParserImpl:52 - START ELEMENT
[DEBUG] 2019-07-13 15:30:42 [main] StAXParserImpl:50 - HAS NEXT ELEMENT
[DEBUG] 2019-07-13 15:30:42 [main] StAXParserImpl:132 - END ELEMENT
[DEBUG] 2019-07-13 15:30:42 [main] StAXParserImpl:50 - HAS NEXT ELEMENT
[DEBUG] 2019-07-13 15:30:42 [main] StAXParserImpl:50 - HAS NEXT ELEMENT
[DEBUG] 2019-07-13 15:30:42 [main] StAXParserImpl:52 - START ELEMENT
[DEBUG] 2019-07-13 15:30:42 [main] StAXParserImpl:50 - HAS NEXT ELEMENT
[DEBUG] 2019-07-13 15:30:42 [main] StAXParserImpl:50 - HAS NEXT ELEMENT
[DEBUG] 2019-07-13 15:30:42 [main] StAXParserImpl:52 - START ELEMENT
[DEBUG] 2019-07-13 15:30:42 [main] StAXParserImpl:50 - HAS NEXT ELEMENT
[DEBUG] 2019-07-13 15:30:42 [main] StAXParserImpl:50 - HAS NEXT ELEMENT
[DEBUG] 2019-07-13 15:30:42 [main] StAXParserImpl:52 - START ELEMENT
[DEBUG] 2019-07-13 15:30:42 [main] StAXParserImpl:50 - HAS NEXT ELEMENT
[DEBUG] 2019-07-13 15:30:42 [main] StAXParserImpl:132 - END ELEMENT
[DEBUG] 2019-07-13 15:30:42 [main] StAXParserImpl:50 - HAS NEXT ELEMENT
[DEBUG] 2019-07-13 15:30:42 [main] StAXParserImpl:50 - HAS NEXT ELEMENT
[DEBUG] 2019-07-13 15:30:42 [main] StAXParserImpl:52 - START ELEMENT
[DEBUG] 2019-07-13 15:30:42 [main] StAXParserImpl:50 - HAS NEXT ELEMENT
[DEBUG] 2019-07-13 15:30:42 [main] StAXParserImpl:132 - END ELEMENT
[DEBUG] 2019-07-13 15:30:42 [main] StAXParserImpl:50 - HAS NEXT ELEMENT
[DEBUG] 2019-07-13 15:30:42 [main] StAXParserImpl:50 - HAS NEXT ELEMENT
[DEBUG] 2019-07-13 15:30:42 [main] StAXParserImpl:132 - END ELEMENT
[DEBUG] 2019-07-13 15:30:42 [main] StAXParserImpl:50 - HAS NEXT ELEMENT
[DEBUG] 2019-07-13 15:30:42 [main] StAXParserImpl:50 - HAS NEXT ELEMENT
[DEBUG] 2019-07-13 15:30:42 [main] StAXParserImpl:52 - START ELEMENT
[DEBUG] 2019-07-13 15:30:42 [main] StAXParserImpl:50 - HAS NEXT ELEMENT
[DEBUG] 2019-07-13 15:30:42 [main] StAXParserImpl:50 - HAS NEXT ELEMENT
[DEBUG] 2019-07-13 15:30:42 [main] StAXParserImpl:52 - START ELEMENT
[DEBUG] 2019-07-13 15:30:42 [main] StAXParserImpl:50 - HAS NEXT ELEMENT
[DEBUG] 2019-07-13 15:30:42 [main] StAXParserImpl:50 - HAS NEXT ELEMENT
[DEBUG] 2019-07-13 15:30:42 [main] StAXParserImpl:52 - START ELEMENT
[DEBUG] 2019-07-13 15:30:42 [main] StAXParserImpl:50 - HAS NEXT ELEMENT
[DEBUG] 2019-07-13 15:30:42 [main] StAXParserImpl:50 - HAS NEXT ELEMENT
[DEBUG] 2019-07-13 15:30:42 [main] StAXParserImpl:52 - START ELEMENT
[DEBUG] 2019-07-13 15:30:42 [main] StAXParserImpl:50 - HAS NEXT ELEMENT
[DEBUG] 2019-07-13 15:30:42 [main] StAXParserImpl:50 - HAS NEXT ELEMENT
[DEBUG] 2019-07-13 15:30:42 [main] StAXParserImpl:52 - START ELEMENT
[DEBUG] 2019-07-13 15:30:42 [main] StAXParserImpl:50 - HAS NEXT ELEMENT
[DEBUG] 2019-07-13 15:30:42 [main] StAXParserImpl:50 - HAS NEXT ELEMENT
[DEBUG] 2019-07-13 15:30:42 [main] StAXParserImpl:52 - START ELEMENT
[DEBUG] 2019-07-13 15:30:42 [main] StAXParserImpl:50 - HAS NEXT ELEMENT
[DEBUG] 2019-07-13 15:30:42 [main] StAXParserImpl:132 - END ELEMENT
[DEBUG] 2019-07-13 15:30:42 [main] StAXParserImpl:50 - HAS NEXT ELEMENT
[DEBUG] 2019-07-13 15:30:42 [main] StAXParserImpl:50 - HAS NEXT ELEMENT
[DEBUG] 2019-07-13 15:30:42 [main] StAXParserImpl:132 - END ELEMENT
[DEBUG] 2019-07-13 15:30:42 [main] StAXParserImpl:50 - HAS NEXT ELEMENT
[DEBUG] 2019-07-13 15:30:42 [main] StAXParserImpl:50 - HAS NEXT ELEMENT
[DEBUG] 2019-07-13 15:30:42 [main] StAXParserImpl:52 - START ELEMENT
[DEBUG] 2019-07-13 15:30:42 [main] StAXParserImpl:50 - HAS NEXT ELEMENT
[DEBUG] 2019-07-13 15:30:42 [main] StAXParserImpl:50 - HAS NEXT ELEMENT
[DEBUG] 2019-07-13 15:30:42 [main] StAXParserImpl:52 - START ELEMENT
[DEBUG] 2019-07-13 15:30:42 [main] StAXParserImpl:50 - HAS NEXT ELEMENT
[DEBUG] 2019-07-13 15:30:42 [main] StAXParserImpl:50 - HAS NEXT ELEMENT
[DEBUG] 2019-07-13 15:30:42 [main] StAXParserImpl:52 - START ELEMENT
[DEBUG] 2019-07-13 15:30:42 [main] StAXParserImpl:50 - HAS NEXT ELEMENT
[DEBUG] 2019-07-13 15:30:42 [main] StAXParserImpl:50 - HAS NEXT ELEMENT
[DEBUG] 2019-07-13 15:30:42 [main] StAXParserImpl:132 - END ELEMENT
[DEBUG] 2019-07-13 15:30:42 [main] StAXParserImpl:50 - HAS NEXT ELEMENT
[DEBUG] 2019-07-13 15:30:42 [main] StAXParserImpl:50 - HAS NEXT ELEMENT
[DEBUG] 2019-07-13 15:30:42 [main] StAXParserImpl:52 - START ELEMENT
[DEBUG] 2019-07-13 15:30:42 [main] StAXParserImpl:50 - HAS NEXT ELEMENT
[DEBUG] 2019-07-13 15:30:42 [main] StAXParserImpl:50 - HAS NEXT ELEMENT
[DEBUG] 2019-07-13 15:30:42 [main] StAXParserImpl:52 - START ELEMENT
[DEBUG] 2019-07-13 15:30:42 [main] StAXParserImpl:50 - HAS NEXT ELEMENT
[DEBUG] 2019-07-13 15:30:42 [main] StAXParserImpl:50 - HAS NEXT ELEMENT
[DEBUG] 2019-07-13 15:30:42 [main] StAXParserImpl:52 - START ELEMENT
[DEBUG] 2019-07-13 15:30:42 [main] StAXParserImpl:50 - HAS NEXT ELEMENT
[DEBUG] 2019-07-13 15:30:42 [main] StAXParserImpl:50 - HAS NEXT ELEMENT
[DEBUG] 2019-07-13 15:30:42 [main] StAXParserImpl:132 - END ELEMENT
[DEBUG] 2019-07-13 15:30:42 [main] StAXParserImpl:50 - HAS NEXT ELEMENT
[DEBUG] 2019-07-13 15:30:42 [main] StAXParserImpl:50 - HAS NEXT ELEMENT
[DEBUG] 2019-07-13 15:30:42 [main] StAXParserImpl:132 - END ELEMENT
[DEBUG] 2019-07-13 15:30:42 [main] StAXParserImpl:50 - HAS NEXT ELEMENT
[DEBUG] 2019-07-13 15:30:42 [main] StAXParserImpl:50 - HAS NEXT ELEMENT
[DEBUG] 2019-07-13 15:30:42 [main] StAXParserImpl:132 - END ELEMENT
[DEBUG] 2019-07-13 15:30:42 [main] StAXParserImpl:50 - HAS NEXT ELEMENT
[DEBUG] 2019-07-13 15:30:42 [main] StAXParserImpl:50 - HAS NEXT ELEMENT
[DEBUG] 2019-07-13 15:30:42 [main] StAXParserImpl:132 - END ELEMENT
[DEBUG] 2019-07-13 15:30:42 [main] StAXParserImpl:50 - HAS NEXT ELEMENT
[DEBUG] 2019-07-13 15:30:42 [main] StAXParserImpl:50 - HAS NEXT ELEMENT
[DEBUG] 2019-07-13 15:30:42 [main] StAXParserImpl:132 - END ELEMENT
[DEBUG] 2019-07-13 15:30:42 [main] StAXParserImpl:50 - HAS NEXT ELEMENT
[DEBUG] 2019-07-13 15:30:42 [main] StAXParserImplTest:36 - Medicine [name=Imodium, pharm=Pharm [name=Janssen-cilag S.A., country=France], group=Organotropic, analogs=[Loperamide, Stoperan], versions=[Version [consistency=Pills, certificate=Certificate [id=1, dateOfIssue=07-2016, exparetionDate=06-2021, RegisterOrg=Jonson&Jonson], pack=MedicinePackage [type=Tutu, quantity=20, price=2345], dosage=Dosage [measuring=4 ml, frequency=2 times a day]]]]
